Using pre-set license
Built from '2021.3/staging' branch; Version is '2021.3.5f1 (40eb3a945986) revision 4254522'; Using compiler version '192829333'; Build Type 'Release'
OS: 'Windows 11  (10.0.22000) 64bit Core' Language: 'ja' Physical Memory: 16163 MB
BatchMode: 1, IsHumanControllingUs: 0, StartBugReporterOnCrash: 0, Is64bit: 1, IsPro: 1

COMMAND LINE ARGUMENTS:
C:\Program Files\Unity\Hub\Editor\2021.3.5f1\Editor\Unity.exe
-adb2
-batchMode
-noUpm
-name
AssetImportWorker0
-projectPath
C:/Users/sumoc/Documents/kamakura/Unity/Self Made/Sumo2
-logFile
Logs/AssetImportWorker0.log
-srvPort
50156
Successfully changed project path to: C:/Users/sumoc/Documents/kamakura/Unity/Self Made/Sumo2
C:/Users/sumoc/Documents/kamakura/Unity/Self Made/Sumo2
[UnityMemory] Configuration Parameters - Can be set up in boot.config
    "memorysetup-bucket-allocator-granularity=16"
    "memorysetup-bucket-allocator-bucket-count=8"
    "memorysetup-bucket-allocator-block-size=33554432"
    "memorysetup-bucket-allocator-block-count=8"
    "memorysetup-main-allocator-block-size=16777216"
    "memorysetup-thread-allocator-block-size=16777216"
    "memorysetup-gfx-main-allocator-block-size=16777216"
    "memorysetup-gfx-thread-allocator-block-size=16777216"
    "memorysetup-cache-allocator-block-size=4194304"
    "memorysetup-typetree-allocator-block-size=2097152"
    "memorysetup-profiler-bucket-allocator-granularity=16"
    "memorysetup-profiler-bucket-allocator-bucket-count=8"
    "memorysetup-profiler-bucket-allocator-block-size=33554432"
    "memorysetup-profiler-bucket-allocator-block-count=8"
    "memorysetup-profiler-allocator-block-size=16777216"
    "memorysetup-profiler-editor-allocator-block-size=1048576"
    "memorysetup-temp-allocator-size-main=16777216"
    "memorysetup-job-temp-allocator-block-size=2097152"
    "memorysetup-job-temp-allocator-block-size-background=1048576"
    "memorysetup-job-temp-allocator-reduction-small-platforms=262144"
    "memorysetup-temp-allocator-size-background-worker=32768"
    "memorysetup-temp-allocator-size-job-worker=262144"
    "memorysetup-temp-allocator-size-preload-manager=33554432"
    "memorysetup-temp-allocator-size-nav-mesh-worker=65536"
    "memorysetup-temp-allocator-size-audio-worker=65536"
    "memorysetup-temp-allocator-size-cloud-worker=32768"
    "memorysetup-temp-allocator-size-gi-baking-worker=262144"
    "memorysetup-temp-allocator-size-gfx=262144"
Refreshing native plugins compatible for Editor in 61.71 ms, found 3 plugins.
Preloading 0 native plugins for Editor in 0.00 ms.
Initialize engine version: 2021.3.5f1 (40eb3a945986)
[Subsystems] Discovering subsystems at path C:/Program Files/Unity/Hub/Editor/2021.3.5f1/Editor/Data/Resources/UnitySubsystems
[Subsystems] Discovering subsystems at path C:/Users/sumoc/Documents/kamakura/Unity/Self Made/Sumo2/Assets
GfxDevice: creating device client; threaded=0; jobified=0
Direct3D:
    Version:  Direct3D 11.0 [level 11.1]
    Renderer: NVIDIA GeForce RTX 3050 Ti Laptop GPU (ID=0x25a0)
    Vendor:   NVIDIA
    VRAM:     3990 MB
    Driver:   27.21.14.6275
Initialize mono
Mono path[0] = 'C:/Program Files/Unity/Hub/Editor/2021.3.5f1/Editor/Data/Managed'
Mono path[1] = 'C:/Program Files/Unity/Hub/Editor/2021.3.5f1/Editor/Data/MonoBleedingEdge/lib/mono/unityjit-win32'
Mono config path = 'C:/Program Files/Unity/Hub/Editor/2021.3.5f1/Editor/Data/MonoBleedingEdge/etc'
Using monoOptions --debugger-agent=transport=dt_socket,embedding=1,server=y,suspend=n,address=127.0.0.1:56312
Begin MonoManager ReloadAssembly
Registering precompiled unity dll's ...
Register platform support module: C:/Program Files/Unity/Hub/Editor/2021.3.5f1/Editor/Data/PlaybackEngines/WebGLSupport/UnityEditor.WebGL.Extensions.dll
Register platform support module: C:/Program Files/Unity/Hub/Editor/2021.3.5f1/Editor/Data/PlaybackEngines/iOSSupport/UnityEditor.iOS.Extensions.dll
Register platform support module: C:/Program Files/Unity/Hub/Editor/2021.3.5f1/Editor/Data/PlaybackEngines/WindowsStandaloneSupport/UnityEditor.WindowsStandalone.Extensions.dll
Registered in 0.004209 seconds.
Native extension for WindowsStandalone target not found
[usbmuxd] Start listen thread
[usbmuxd] Listen thread started
[usbmuxd] Send listen message
Native extension for iOS target not found
Native extension for WebGL target not found
Refreshing native plugins compatible for Editor in 61.30 ms, found 3 plugins.
Preloading 0 native plugins for Editor in 0.00 ms.
Mono: successfully reloaded assembly
- Completed reload, in  0.498 seconds
Domain Reload Profiling:
	ReloadAssembly (499ms)
		BeginReloadAssembly (63ms)
			ExecutionOrderSort (0ms)
			DisableScriptedObjects (0ms)
			BackupInstance (0ms)
			ReleaseScriptingObjects (0ms)
			CreateAndSetChildDomain (1ms)
		EndReloadAssembly (353ms)
			LoadAssemblies (61ms)
			RebuildTransferFunctionScriptingTraits (0ms)
			SetupTypeCache (81ms)
			ReleaseScriptCaches (0ms)
			RebuildScriptCaches (25ms)
			SetupLoadedEditorAssemblies (207ms)
				LogAssemblyErrors (0ms)
				InitializePlatformSupportModulesInManaged (20ms)
				SetLoadedEditorAssemblies (0ms)
				RefreshPlugins (61ms)
				BeforeProcessingInitializeOnLoad (1ms)
				ProcessInitializeOnLoadAttributes (90ms)
				ProcessInitializeOnLoadMethodAttributes (34ms)
				AfterProcessingInitializeOnLoad (0ms)
				EditorAssembliesLoaded (0ms)
			ExecutionOrderSort2 (0ms)
			AwakeInstancesAfterBackupRestoration (0ms)
Platform modules already initialized, skipping
Registering precompiled user dll's ...
Registered in 0.004264 seconds.
Begin MonoManager ReloadAssembly
Symbol file LoadedFromMemory doesn't match image C:\Users\sumoc\Documents\kamakura\Unity\Self Made\Sumo2\Library\PackageCache\com.unity.visualscripting@1.7.8\Editor\VisualScripting.Core\Dependencies\YamlDotNet\Unity.VisualScripting.YamlDotNet.dll
Symbol file LoadedFromMemory doesn't match image C:\Users\sumoc\Documents\kamakura\Unity\Self Made\Sumo2\Library\PackageCache\com.unity.visualscripting@1.7.8\Editor\VisualScripting.Core\Dependencies\DotNetZip\Unity.VisualScripting.IonicZip.dll
Native extension for WindowsStandalone target not found
Native extension for iOS target not found
Native extension for WebGL target not found
Refreshing native plugins compatible for Editor in 0.66 ms, found 3 plugins.
Preloading 0 native plugins for Editor in 0.00 ms.
Mono: successfully reloaded assembly
- Completed reload, in  0.806 seconds
Domain Reload Profiling:
	ReloadAssembly (807ms)
		BeginReloadAssembly (84ms)
			ExecutionOrderSort (0ms)
			DisableScriptedObjects (4ms)
			BackupInstance (0ms)
			ReleaseScriptingObjects (0ms)
			CreateAndSetChildDomain (16ms)
		EndReloadAssembly (642ms)
			LoadAssemblies (62ms)
			RebuildTransferFunctionScriptingTraits (0ms)
			SetupTypeCache (195ms)
			ReleaseScriptCaches (1ms)
			RebuildScriptCaches (41ms)
			SetupLoadedEditorAssemblies (311ms)
				LogAssemblyErrors (0ms)
				InitializePlatformSupportModulesInManaged (15ms)
				SetLoadedEditorAssemblies (0ms)
				RefreshPlugins (1ms)
				BeforeProcessingInitializeOnLoad (74ms)
				ProcessInitializeOnLoadAttributes (192ms)
				ProcessInitializeOnLoadMethodAttributes (24ms)
				AfterProcessingInitializeOnLoad (5ms)
				EditorAssembliesLoaded (0ms)
			ExecutionOrderSort2 (0ms)
			AwakeInstancesAfterBackupRestoration (5ms)
Platform modules already initialized, skipping
========================================================================
Worker process is ready to serve import requests
Launched and connected shader compiler UnityShaderCompiler.exe after 0.03 seconds
Refreshing native plugins compatible for Editor in 0.51 ms, found 3 plugins.
Preloading 0 native plugins for Editor in 0.00 ms.
Unloading 3376 Unused Serialized files (Serialized files now loaded: 0)
Unloading 27 unused Assets / (111.1 KB). Loaded Objects now: 3833.
Memory consumption went from 120.8 MB to 120.7 MB.
Total: 3.096900 ms (FindLiveObjects: 0.317200 ms CreateObjectMapping: 0.170300 ms MarkObjects: 2.517100 ms  DeleteObjects: 0.091100 ms)

AssetImportParameters requested are different than current active one (requested -> active):
  custom:video-decoder-ogg-theora: a1e56fd34408186e4bbccfd4996cb3dc -> 
  custom:container-muxer-webm: aa71ff27fc2769a1b78a27578f13a17b -> 
  custom:container-demuxer-webm: 4f35f7cbe854078d1ac9338744f61a02 -> 
  custom:video-encoder-webm-vp8: eb34c28f22e8b96e1ab97ce403110664 -> 
  custom:audio-encoder-webm-vorbis: bf7c407c2cedff20999df2af8eb42d56 -> 
  custom:framework-win-MediaFoundation: 216162199b28c13a410421893ffa2e32 -> 
  custom:container-demuxer-ogg: 62fdf1f143b41e24485cea50d1cbac27 -> 
  custom:video-decoder-webm-vp8: 9c59270c3fd7afecdb556c50c9e8de78 -> 
  custom:audio-decoder-ogg-vorbis: bf7c407c2cedff20999df2af8eb42d56 -> 
========================================================================
Received Import Request.
  Time since last request: 123140.801618 seconds.
  path: Assets/model/Humanoid01/Humanoid01.fbx
  artifactKey: Guid(59796c3c167f5ea46b82843eccf97080) Importer(815301076,1909f56bfc062723c751e8b465ee728b)
Start importing Assets/model/Humanoid01/Humanoid01.fbx using Guid(59796c3c167f5ea46b82843eccf97080) Importer(815301076,1909f56bfc062723c751e8b465ee728b)  -> (artifact id: '9f7daf34b192ce102496ef7b0fd26bbf') in 0.133602 seconds 
========================================================================
Received Import Request.
  Time since last request: 10.140903 seconds.
  path: Assets/model/Humanoid01/Animation/idle/TeZu-idle.fbx
  artifactKey: Guid(5715736c289346d489e45b4d54501ccc) Importer(815301076,1909f56bfc062723c751e8b465ee728b)
Start importing Assets/model/Humanoid01/Animation/idle/TeZu-idle.fbx using Guid(5715736c289346d489e45b4d54501ccc) Importer(815301076,1909f56bfc062723c751e8b465ee728b)  -> (artifact id: 'a174c3a9025efae19c5e78423c1ab3f1') in 0.015138 seconds 
========================================================================
Received Import Request.
  Time since last request: 20.705186 seconds.
  path: Assets/motion2/wkey.fbx
  artifactKey: Guid(c4178498f38cec3448d71a932d1755c4) Importer(815301076,1909f56bfc062723c751e8b465ee728b)
Start importing Assets/motion2/wkey.fbx using Guid(c4178498f38cec3448d71a932d1755c4) Importer(815301076,1909f56bfc062723c751e8b465ee728b)  -> (artifact id: '5e079df09f4b6b595759a4658019726f') in 0.006749 seconds 
========================================================================
Received Import Request.
  Time since last request: 10.587372 seconds.
  path: Assets/motion2/wkey.fbx
  artifactKey: Guid(c4178498f38cec3448d71a932d1755c4) Importer(815301076,1909f56bfc062723c751e8b465ee728b)
Start importing Assets/motion2/wkey.fbx using Guid(c4178498f38cec3448d71a932d1755c4) Importer(815301076,1909f56bfc062723c751e8b465ee728b)  -> (artifact id: '6931e40bae26b917b496e5690dbf6a61') in 0.006231 seconds 
========================================================================
Received Import Request.
  Time since last request: 101.850985 seconds.
  path: Assets/motion2/wkey.fbx
  artifactKey: Guid(c4178498f38cec3448d71a932d1755c4) Importer(815301076,1909f56bfc062723c751e8b465ee728b)
Start importing Assets/motion2/wkey.fbx using Guid(c4178498f38cec3448d71a932d1755c4) Importer(815301076,1909f56bfc062723c751e8b465ee728b)  -> (artifact id: '86a72ae80cf2a3908cae0dc84d2c13df') in 0.006918 seconds 
========================================================================
Received Import Request.
  Time since last request: 200.412707 seconds.
  path: Assets/motion2/wkey.fbx
  artifactKey: Guid(c4178498f38cec3448d71a932d1755c4) Importer(815301076,1909f56bfc062723c751e8b465ee728b)
Start importing Assets/motion2/wkey.fbx using Guid(c4178498f38cec3448d71a932d1755c4) Importer(815301076,1909f56bfc062723c751e8b465ee728b)  -> (artifact id: '7a6f06ac3bcd8b065f16c05ebba1cd2f') in 0.008008 seconds 
========================================================================
Received Import Request.
  Time since last request: 12.958082 seconds.
  path: Assets/motion2/wkey.fbx
  artifactKey: Guid(c4178498f38cec3448d71a932d1755c4) Importer(815301076,1909f56bfc062723c751e8b465ee728b)
Start importing Assets/motion2/wkey.fbx using Guid(c4178498f38cec3448d71a932d1755c4) Importer(815301076,1909f56bfc062723c751e8b465ee728b)  -> (artifact id: '37b80bbd61a9a50bfd824b4379e85aa3') in 0.006149 seconds 
========================================================================
Received Import Request.
  Time since last request: 9.409590 seconds.
  path: Assets/motion2/wkey.fbx
  artifactKey: Guid(c4178498f38cec3448d71a932d1755c4) Importer(815301076,1909f56bfc062723c751e8b465ee728b)
Start importing Assets/motion2/wkey.fbx using Guid(c4178498f38cec3448d71a932d1755c4) Importer(815301076,1909f56bfc062723c751e8b465ee728b)  -> (artifact id: 'df9be46000083fe4ce38fd62c00a48c0') in 0.005523 seconds 
========================================================================
Received Import Request.
  Time since last request: 77.281558 seconds.
  path: Assets/motion2/wkey.fbx
  artifactKey: Guid(c4178498f38cec3448d71a932d1755c4) Importer(815301076,1909f56bfc062723c751e8b465ee728b)
Start importing Assets/motion2/wkey.fbx using Guid(c4178498f38cec3448d71a932d1755c4) Importer(815301076,1909f56bfc062723c751e8b465ee728b)  -> (artifact id: 'b42d0c75f3026cf24eaa5114ecb2bd3c') in 0.005822 seconds 
========================================================================
Received Import Request.
  Time since last request: 333.372681 seconds.
  path: Assets/motion2/wkey.fbx
  artifactKey: Guid(c4178498f38cec3448d71a932d1755c4) Importer(815301076,1909f56bfc062723c751e8b465ee728b)
Start importing Assets/motion2/wkey.fbx using Guid(c4178498f38cec3448d71a932d1755c4) Importer(815301076,1909f56bfc062723c751e8b465ee728b)  -> (artifact id: 'c0573ae8aeae813ce929adf1a42ff510') in 0.010324 seconds 
========================================================================
Received Import Request.
  Time since last request: 11.809942 seconds.
  path: Assets/motion2/wkey.fbx
  artifactKey: Guid(c4178498f38cec3448d71a932d1755c4) Importer(815301076,1909f56bfc062723c751e8b465ee728b)
Start importing Assets/motion2/wkey.fbx using Guid(c4178498f38cec3448d71a932d1755c4) Importer(815301076,1909f56bfc062723c751e8b465ee728b)  -> (artifact id: '83fe4c7333115f9cb067720cc9d47c8b') in 0.006589 seconds 
========================================================================
Received Import Request.
  Time since last request: 9.663558 seconds.
  path: Assets/motion2/wkey.fbx
  artifactKey: Guid(c4178498f38cec3448d71a932d1755c4) Importer(815301076,1909f56bfc062723c751e8b465ee728b)
Start importing Assets/motion2/wkey.fbx using Guid(c4178498f38cec3448d71a932d1755c4) Importer(815301076,1909f56bfc062723c751e8b465ee728b)  -> (artifact id: 'f5680e5261ade821a4c0aa4ee29b5286') in 0.005702 seconds 
========================================================================
Received Import Request.
  Time since last request: 3.606353 seconds.
  path: Assets/motion2/wkey.fbx
  artifactKey: Guid(c4178498f38cec3448d71a932d1755c4) Importer(815301076,1909f56bfc062723c751e8b465ee728b)
Start importing Assets/motion2/wkey.fbx using Guid(c4178498f38cec3448d71a932d1755c4) Importer(815301076,1909f56bfc062723c751e8b465ee728b)  -> (artifact id: '2acf878595333c8835283b4cc4e36941') in 0.005410 seconds 
========================================================================
Received Import Request.
  Time since last request: 194.934922 seconds.
  path: Assets/motion2/wkey.fbx
  artifactKey: Guid(c4178498f38cec3448d71a932d1755c4) Importer(815301076,1909f56bfc062723c751e8b465ee728b)
Start importing Assets/motion2/wkey.fbx using Guid(c4178498f38cec3448d71a932d1755c4) Importer(815301076,1909f56bfc062723c751e8b465ee728b)  -> (artifact id: '94d16172d2da3f1cb29c713e56fa9ab5') in 0.006661 seconds 
========================================================================
Received Import Request.
  Time since last request: 15.262870 seconds.
  path: Assets/motion2/wkey.fbx
  artifactKey: Guid(c4178498f38cec3448d71a932d1755c4) Importer(815301076,1909f56bfc062723c751e8b465ee728b)
Start importing Assets/motion2/wkey.fbx using Guid(c4178498f38cec3448d71a932d1755c4) Importer(815301076,1909f56bfc062723c751e8b465ee728b)  -> (artifact id: '59ce6c685a63fbfe6c123b269aebba88') in 0.005910 seconds 
========================================================================
Received Import Request.
  Time since last request: 43.390786 seconds.
  path: Assets/motion2/wkey.fbx
  artifactKey: Guid(c4178498f38cec3448d71a932d1755c4) Importer(815301076,1909f56bfc062723c751e8b465ee728b)
Start importing Assets/motion2/wkey.fbx using Guid(c4178498f38cec3448d71a932d1755c4) Importer(815301076,1909f56bfc062723c751e8b465ee728b)  -> (artifact id: '9745d816a1fe09923f4c38cfa45de6a1') in 0.005905 seconds 
========================================================================
Received Import Request.
  Time since last request: 4.636111 seconds.
  path: Assets/motion2/wkey.fbx
  artifactKey: Guid(c4178498f38cec3448d71a932d1755c4) Importer(815301076,1909f56bfc062723c751e8b465ee728b)
Start importing Assets/motion2/wkey.fbx using Guid(c4178498f38cec3448d71a932d1755c4) Importer(815301076,1909f56bfc062723c751e8b465ee728b)  -> (artifact id: 'a9954eca262b34466ccc76f16c8c14ff') in 0.005050 seconds 
========================================================================
Received Import Request.
  Time since last request: 304.676775 seconds.
  path: Assets/motion2/wkey-mesh.fbx
  artifactKey: Guid(85414f652dbff904fa1c76181bf0df11) Importer(815301076,1909f56bfc062723c751e8b465ee728b)
Start importing Assets/motion2/wkey-mesh.fbx using Guid(85414f652dbff904fa1c76181bf0df11) Importer(815301076,1909f56bfc062723c751e8b465ee728b)  -> (artifact id: '8fb13194b336b6be75c79b0d8211f284') in 0.063530 seconds 
========================================================================
Received Import Request.
  Time since last request: 29.954434 seconds.
  path: Assets/motion2/wkey-mesh.fbx
  artifactKey: Guid(85414f652dbff904fa1c76181bf0df11) Importer(815301076,1909f56bfc062723c751e8b465ee728b)
Start importing Assets/motion2/wkey-mesh.fbx using Guid(85414f652dbff904fa1c76181bf0df11) Importer(815301076,1909f56bfc062723c751e8b465ee728b)  -> (artifact id: 'e8afa5071fbf79265f947eded767c1c3') in 0.046789 seconds 
========================================================================
Received Import Request.
  Time since last request: 14.511891 seconds.
  path: Assets/motion2/wkey-mesh.fbx
  artifactKey: Guid(85414f652dbff904fa1c76181bf0df11) Importer(815301076,1909f56bfc062723c751e8b465ee728b)
Start importing Assets/motion2/wkey-mesh.fbx using Guid(85414f652dbff904fa1c76181bf0df11) Importer(815301076,1909f56bfc062723c751e8b465ee728b)  -> (artifact id: 'ad5d3e45e8505fb13e0e82be9fc62b48') in 0.062995 seconds 
========================================================================
Received Import Request.
  Time since last request: 72.475131 seconds.
  path: Assets/motion2/wkey-mesh.fbx
  artifactKey: Guid(85414f652dbff904fa1c76181bf0df11) Importer(815301076,1909f56bfc062723c751e8b465ee728b)
Start importing Assets/motion2/wkey-mesh.fbx using Guid(85414f652dbff904fa1c76181bf0df11) Importer(815301076,1909f56bfc062723c751e8b465ee728b)  -> (artifact id: '7c45947eb63ec7b1ebc36af647e108ed') in 0.061606 seconds 
========================================================================
Received Import Request.
  Time since last request: 26.196730 seconds.
  path: Assets/motion2/wkey-mesh.fbx
  artifactKey: Guid(85414f652dbff904fa1c76181bf0df11) Importer(815301076,1909f56bfc062723c751e8b465ee728b)
Start importing Assets/motion2/wkey-mesh.fbx using Guid(85414f652dbff904fa1c76181bf0df11) Importer(815301076,1909f56bfc062723c751e8b465ee728b)  -> (artifact id: 'f715b3bac3f8f6866939c13d06800848') in 0.050027 seconds 
========================================================================
Received Import Request.
  Time since last request: 50.961642 seconds.
  path: Assets/motion2/wkey-mesh.fbx
  artifactKey: Guid(85414f652dbff904fa1c76181bf0df11) Importer(815301076,1909f56bfc062723c751e8b465ee728b)
Start importing Assets/motion2/wkey-mesh.fbx using Guid(85414f652dbff904fa1c76181bf0df11) Importer(815301076,1909f56bfc062723c751e8b465ee728b)  -> (artifact id: '5ca0cdba960508b23f347a2f9e09f1ef') in 0.048856 seconds 
========================================================================
Received Import Request.
  Time since last request: 291.844234 seconds.
  path: Assets/motion2/human1.fbx
  artifactKey: Guid(b34609c8975b0a846ac6a25ac78e3a7c) Importer(815301076,1909f56bfc062723c751e8b465ee728b)
Start importing Assets/motion2/human1.fbx using Guid(b34609c8975b0a846ac6a25ac78e3a7c) Importer(815301076,1909f56bfc062723c751e8b465ee728b)  -> (artifact id: '0799fd93bd01e601ea1481627b21c51d') in 0.030662 seconds 
========================================================================
Received Import Request.
  Time since last request: 16.291723 seconds.
  path: Assets/motion2/human1.fbx
  artifactKey: Guid(b34609c8975b0a846ac6a25ac78e3a7c) Importer(815301076,1909f56bfc062723c751e8b465ee728b)
Start importing Assets/motion2/human1.fbx using Guid(b34609c8975b0a846ac6a25ac78e3a7c) Importer(815301076,1909f56bfc062723c751e8b465ee728b)  -> (artifact id: 'e9c85743e662e2082b63d19d85234e3a') in 0.041526 seconds 
========================================================================
Received Import Request.
  Time since last request: 6.770773 seconds.
  path: Assets/motion2/human1.fbx
  artifactKey: Guid(b34609c8975b0a846ac6a25ac78e3a7c) Importer(815301076,1909f56bfc062723c751e8b465ee728b)
Start importing Assets/motion2/human1.fbx using Guid(b34609c8975b0a846ac6a25ac78e3a7c) Importer(815301076,1909f56bfc062723c751e8b465ee728b)  -> (artifact id: '9771d68e95a00622bdd90ad3465d1343') in 0.037455 seconds 
========================================================================
Received Import Request.
  Time since last request: 7.284602 seconds.
  path: Assets/motion2/human1.fbx
  artifactKey: Guid(b34609c8975b0a846ac6a25ac78e3a7c) Importer(815301076,1909f56bfc062723c751e8b465ee728b)
Start importing Assets/motion2/human1.fbx using Guid(b34609c8975b0a846ac6a25ac78e3a7c) Importer(815301076,1909f56bfc062723c751e8b465ee728b)  -> (artifact id: '7c42bc966a4e9b8130f6dbedc80626e3') in 0.058222 seconds 
========================================================================
Received Import Request.
  Time since last request: 4.020505 seconds.
  path: Assets/motion2/human1.fbx
  artifactKey: Guid(b34609c8975b0a846ac6a25ac78e3a7c) Importer(815301076,1909f56bfc062723c751e8b465ee728b)
Start importing Assets/motion2/human1.fbx using Guid(b34609c8975b0a846ac6a25ac78e3a7c) Importer(815301076,1909f56bfc062723c751e8b465ee728b)  -> (artifact id: '94178119fdcb5d809639ace319640af1') in 0.063643 seconds 
========================================================================
Received Import Request.
  Time since last request: 48.923595 seconds.
  path: Assets/motion2/wkey.fbx
  artifactKey: Guid(c4178498f38cec3448d71a932d1755c4) Importer(815301076,1909f56bfc062723c751e8b465ee728b)
Start importing Assets/motion2/wkey.fbx using Guid(c4178498f38cec3448d71a932d1755c4) Importer(815301076,1909f56bfc062723c751e8b465ee728b)  -> (artifact id: '1ebe78740136d85ffebeca6b0997a497') in 0.005612 seconds 
========================================================================
Received Import Request.
  Time since last request: 7.481203 seconds.
  path: Assets/motion2/wkey.fbx
  artifactKey: Guid(c4178498f38cec3448d71a932d1755c4) Importer(815301076,1909f56bfc062723c751e8b465ee728b)
Start importing Assets/motion2/wkey.fbx using Guid(c4178498f38cec3448d71a932d1755c4) Importer(815301076,1909f56bfc062723c751e8b465ee728b)  -> (artifact id: 'bbd8e5b35eb6c07d69780c00466ef2e2') in 0.005676 seconds 
========================================================================
Received Import Request.
  Time since last request: 514.422384 seconds.
  path: Assets/motion2/wave-up.fbx
  artifactKey: Guid(90958699ea4f4c649b9ad91aaa56daf7) Importer(815301076,1909f56bfc062723c751e8b465ee728b)
Start importing Assets/motion2/wave-up.fbx using Guid(90958699ea4f4c649b9ad91aaa56daf7) Importer(815301076,1909f56bfc062723c751e8b465ee728b)  -> (artifact id: '669591a335ffe34ebae135a5e7256ccb') in 0.014197 seconds 
========================================================================
Received Import Request.
  Time since last request: 14.553657 seconds.
  path: Assets/motion2/wave-up.fbx
  artifactKey: Guid(90958699ea4f4c649b9ad91aaa56daf7) Importer(815301076,1909f56bfc062723c751e8b465ee728b)
Start importing Assets/motion2/wave-up.fbx using Guid(90958699ea4f4c649b9ad91aaa56daf7) Importer(815301076,1909f56bfc062723c751e8b465ee728b)  -> (artifact id: '7f654416879b16781cd36b2be8390e9d') in 0.006969 seconds 
========================================================================
Received Import Request.
  Time since last request: 21.403306 seconds.
  path: Assets/motion2/wave-up.fbx
  artifactKey: Guid(90958699ea4f4c649b9ad91aaa56daf7) Importer(815301076,1909f56bfc062723c751e8b465ee728b)
Start importing Assets/motion2/wave-up.fbx using Guid(90958699ea4f4c649b9ad91aaa56daf7) Importer(815301076,1909f56bfc062723c751e8b465ee728b)  -> (artifact id: '41ac3f6bc5c3663e107df2e33633775e') in 0.005634 seconds 
========================================================================
Received Import Request.
  Time since last request: 6.231494 seconds.
  path: Assets/motion2/wave-up.fbx
  artifactKey: Guid(90958699ea4f4c649b9ad91aaa56daf7) Importer(815301076,1909f56bfc062723c751e8b465ee728b)
Start importing Assets/motion2/wave-up.fbx using Guid(90958699ea4f4c649b9ad91aaa56daf7) Importer(815301076,1909f56bfc062723c751e8b465ee728b)  -> (artifact id: '500ce550ab2f698ab2defbc9a8f33bd6') in 0.005443 seconds 
========================================================================
Received Import Request.
  Time since last request: 20.501401 seconds.
  path: Assets/motion2/wave-up.fbx
  artifactKey: Guid(90958699ea4f4c649b9ad91aaa56daf7) Importer(815301076,1909f56bfc062723c751e8b465ee728b)
Start importing Assets/motion2/wave-up.fbx using Guid(90958699ea4f4c649b9ad91aaa56daf7) Importer(815301076,1909f56bfc062723c751e8b465ee728b)  -> (artifact id: '146e069fd0fcafe09e407fc655e0dcaa') in 0.006501 seconds 
========================================================================
Received Import Request.
  Time since last request: 21.024634 seconds.
  path: Assets/motion2/wkey.fbx
  artifactKey: Guid(c4178498f38cec3448d71a932d1755c4) Importer(815301076,1909f56bfc062723c751e8b465ee728b)
Start importing Assets/motion2/wkey.fbx using Guid(c4178498f38cec3448d71a932d1755c4) Importer(815301076,1909f56bfc062723c751e8b465ee728b)  -> (artifact id: '8da9ec0b5a8c16d6a17619cadfcc60e4') in 0.005314 seconds 
========================================================================
Received Import Request.
  Time since last request: 7.437103 seconds.
  path: Assets/motion2/wkey.fbx
  artifactKey: Guid(c4178498f38cec3448d71a932d1755c4) Importer(815301076,1909f56bfc062723c751e8b465ee728b)
Start importing Assets/motion2/wkey.fbx using Guid(c4178498f38cec3448d71a932d1755c4) Importer(815301076,1909f56bfc062723c751e8b465ee728b)  -> (artifact id: 'a3fb20c6edb03bb063114c3e7927cdba') in 0.005402 seconds 
========================================================================
Received Import Request.
  Time since last request: 33.598003 seconds.
  path: Assets/motion2/wave-up.fbx
  artifactKey: Guid(90958699ea4f4c649b9ad91aaa56daf7) Importer(815301076,1909f56bfc062723c751e8b465ee728b)
Start importing Assets/motion2/wave-up.fbx using Guid(90958699ea4f4c649b9ad91aaa56daf7) Importer(815301076,1909f56bfc062723c751e8b465ee728b)  -> (artifact id: '620bf37e209991b00862efd0d1eda859') in 0.006540 seconds 
========================================================================
Received Import Request.
  Time since last request: 219.747845 seconds.
  path: Assets/motion2/wave-up-end.fbx
  artifactKey: Guid(710a97771c4b1994f887ce7814c0ac4d) Importer(815301076,1909f56bfc062723c751e8b465ee728b)
Start importing Assets/motion2/wave-up-end.fbx using Guid(710a97771c4b1994f887ce7814c0ac4d) Importer(815301076,1909f56bfc062723c751e8b465ee728b)  -> (artifact id: 'cb22abf1f06574e269815242a96aea5c') in 0.009784 seconds 
========================================================================
Received Import Request.
  Time since last request: 23.558963 seconds.
  path: Assets/motion2/wave-up-end.fbx
  artifactKey: Guid(710a97771c4b1994f887ce7814c0ac4d) Importer(815301076,1909f56bfc062723c751e8b465ee728b)
Start importing Assets/motion2/wave-up-end.fbx using Guid(710a97771c4b1994f887ce7814c0ac4d) Importer(815301076,1909f56bfc062723c751e8b465ee728b)  -> (artifact id: '2d71e50eb13e2763fe0ecb0edaf28fbe') in 0.006232 seconds 
========================================================================
Received Import Request.
  Time since last request: 16.254130 seconds.
  path: Assets/motion2/wave-up-end.fbx
  artifactKey: Guid(710a97771c4b1994f887ce7814c0ac4d) Importer(815301076,1909f56bfc062723c751e8b465ee728b)
Start importing Assets/motion2/wave-up-end.fbx using Guid(710a97771c4b1994f887ce7814c0ac4d) Importer(815301076,1909f56bfc062723c751e8b465ee728b)  -> (artifact id: '3fea68bc7ebee6d0f14f8bfd0906a50a') in 0.005776 seconds 
========================================================================
Received Import Request.
  Time since last request: 8.110899 seconds.
  path: Assets/motion2/wave-up-end.fbx
  artifactKey: Guid(710a97771c4b1994f887ce7814c0ac4d) Importer(815301076,1909f56bfc062723c751e8b465ee728b)
Start importing Assets/motion2/wave-up-end.fbx using Guid(710a97771c4b1994f887ce7814c0ac4d) Importer(815301076,1909f56bfc062723c751e8b465ee728b)  -> (artifact id: '8459e034ba994890cca6d647a55007d5') in 0.005939 seconds 
========================================================================
Received Import Request.
  Time since last request: 23.916490 seconds.
  path: Assets/motion2/wave-up-end.fbx
  artifactKey: Guid(710a97771c4b1994f887ce7814c0ac4d) Importer(815301076,1909f56bfc062723c751e8b465ee728b)
Start importing Assets/motion2/wave-up-end.fbx using Guid(710a97771c4b1994f887ce7814c0ac4d) Importer(815301076,1909f56bfc062723c751e8b465ee728b)  -> (artifact id: '7e72db4a12f7ba8af281b93dc7330eb0') in 0.005519 seconds 
========================================================================
Received Import Request.
  Time since last request: 9.708039 seconds.
  path: Assets/motion2/wave-up-end.fbx
  artifactKey: Guid(710a97771c4b1994f887ce7814c0ac4d) Importer(815301076,1909f56bfc062723c751e8b465ee728b)
Start importing Assets/motion2/wave-up-end.fbx using Guid(710a97771c4b1994f887ce7814c0ac4d) Importer(815301076,1909f56bfc062723c751e8b465ee728b)  -> (artifact id: '9801c804aadffbb1462a56b92aee3c5f') in 0.005686 seconds 
========================================================================
Received Import Request.
  Time since last request: 10.103834 seconds.
  path: Assets/motion2/wave-up.fbx
  artifactKey: Guid(90958699ea4f4c649b9ad91aaa56daf7) Importer(815301076,1909f56bfc062723c751e8b465ee728b)
Start importing Assets/motion2/wave-up.fbx using Guid(90958699ea4f4c649b9ad91aaa56daf7) Importer(815301076,1909f56bfc062723c751e8b465ee728b)  -> (artifact id: '6f2323b523dbadad0065c4085f6cb443') in 0.005557 seconds 
========================================================================
Received Import Request.
  Time since last request: 118.134101 seconds.
  path: Assets/motion2/wave-up-end 1.fbx
  artifactKey: Guid(4ae24d2a13e4aea469b78236510ddb7e) Importer(815301076,1909f56bfc062723c751e8b465ee728b)
Start importing Assets/motion2/wave-up-end 1.fbx using Guid(4ae24d2a13e4aea469b78236510ddb7e) Importer(815301076,1909f56bfc062723c751e8b465ee728b)  -> (artifact id: '22d8ee427ed9aa379e58af7cf55b4a82') in 0.009568 seconds 
========================================================================
Received Import Request.
  Time since last request: 14.275657 seconds.
  path: Assets/motion2/wave-up-end.fbx
  artifactKey: Guid(710a97771c4b1994f887ce7814c0ac4d) Importer(815301076,1909f56bfc062723c751e8b465ee728b)
Start importing Assets/motion2/wave-up-end.fbx using Guid(710a97771c4b1994f887ce7814c0ac4d) Importer(815301076,1909f56bfc062723c751e8b465ee728b)  -> (artifact id: '9a62bf6043429162169d9db5f38c1844') in 0.006056 seconds 
========================================================================
Received Import Request.
  Time since last request: 20.614270 seconds.
  path: Assets/motion2/wave-up-end.fbx
  artifactKey: Guid(710a97771c4b1994f887ce7814c0ac4d) Importer(815301076,1909f56bfc062723c751e8b465ee728b)
Start importing Assets/motion2/wave-up-end.fbx using Guid(710a97771c4b1994f887ce7814c0ac4d) Importer(815301076,1909f56bfc062723c751e8b465ee728b)  -> (artifact id: 'd46093873813ddfe8a575d000056a1b2') in 0.006135 seconds 
========================================================================
Received Import Request.
  Time since last request: 13.987353 seconds.
  path: Assets/motion2/wave-up-end.fbx
  artifactKey: Guid(710a97771c4b1994f887ce7814c0ac4d) Importer(815301076,1909f56bfc062723c751e8b465ee728b)
Start importing Assets/motion2/wave-up-end.fbx using Guid(710a97771c4b1994f887ce7814c0ac4d) Importer(815301076,1909f56bfc062723c751e8b465ee728b)  -> (artifact id: 'fc8d1eb74cbc7e4911d0e00f200078d8') in 0.005808 seconds 
========================================================================
Received Import Request.
  Time since last request: 7.211983 seconds.
  path: Assets/motion2/wave-up-end.fbx
  artifactKey: Guid(710a97771c4b1994f887ce7814c0ac4d) Importer(815301076,1909f56bfc062723c751e8b465ee728b)
Start importing Assets/motion2/wave-up-end.fbx using Guid(710a97771c4b1994f887ce7814c0ac4d) Importer(815301076,1909f56bfc062723c751e8b465ee728b)  -> (artifact id: '86115eb5394d227e727adbdaee575c92') in 0.005967 seconds 
========================================================================
Received Import Request.
  Time since last request: 76.271574 seconds.
  path: Assets/motion2/wave-up-end.fbx
  artifactKey: Guid(710a97771c4b1994f887ce7814c0ac4d) Importer(815301076,1909f56bfc062723c751e8b465ee728b)
Start importing Assets/motion2/wave-up-end.fbx using Guid(710a97771c4b1994f887ce7814c0ac4d) Importer(815301076,1909f56bfc062723c751e8b465ee728b)  -> (artifact id: '4a330ab77e23486895665993803faf00') in 0.006886 seconds 
========================================================================
Received Import Request.
  Time since last request: 50.013377 seconds.
  path: Assets/motion2/wave-up.fbx
  artifactKey: Guid(90958699ea4f4c649b9ad91aaa56daf7) Importer(815301076,1909f56bfc062723c751e8b465ee728b)
Start importing Assets/motion2/wave-up.fbx using Guid(90958699ea4f4c649b9ad91aaa56daf7) Importer(815301076,1909f56bfc062723c751e8b465ee728b)  -> (artifact id: 'dbcb4ecff6bf3264ea63c9d1582ec123') in 0.005664 seconds 
========================================================================
Received Import Request.
  Time since last request: 20.067242 seconds.
  path: Assets/motion2/wave-up-end.fbx
  artifactKey: Guid(710a97771c4b1994f887ce7814c0ac4d) Importer(815301076,1909f56bfc062723c751e8b465ee728b)
Start importing Assets/motion2/wave-up-end.fbx using Guid(710a97771c4b1994f887ce7814c0ac4d) Importer(815301076,1909f56bfc062723c751e8b465ee728b)  -> (artifact id: '4c96c8e005bfadb48aaa4e2f08366a5c') in 0.006830 seconds 
========================================================================
Received Import Request.
  Time since last request: 4.101808 seconds.
  path: Assets/motion2/wave-up-end.fbx
  artifactKey: Guid(710a97771c4b1994f887ce7814c0ac4d) Importer(815301076,1909f56bfc062723c751e8b465ee728b)
Start importing Assets/motion2/wave-up-end.fbx using Guid(710a97771c4b1994f887ce7814c0ac4d) Importer(815301076,1909f56bfc062723c751e8b465ee728b)  -> (artifact id: 'a212a06d766bbe9c541c521ca3708d47') in 0.005833 seconds 
========================================================================
Received Import Request.
  Time since last request: 8.325082 seconds.
  path: Assets/motion2/wave-up-end.fbx
  artifactKey: Guid(710a97771c4b1994f887ce7814c0ac4d) Importer(815301076,1909f56bfc062723c751e8b465ee728b)
Start importing Assets/motion2/wave-up-end.fbx using Guid(710a97771c4b1994f887ce7814c0ac4d) Importer(815301076,1909f56bfc062723c751e8b465ee728b)  -> (artifact id: '13e4fc4db33035ae812b166f8faba70c') in 0.005751 seconds 
========================================================================
Received Import Request.
  Time since last request: 55.256356 seconds.
  path: Assets/motion2/wave-up-end.fbx
  artifactKey: Guid(710a97771c4b1994f887ce7814c0ac4d) Importer(815301076,1909f56bfc062723c751e8b465ee728b)
Start importing Assets/motion2/wave-up-end.fbx using Guid(710a97771c4b1994f887ce7814c0ac4d) Importer(815301076,1909f56bfc062723c751e8b465ee728b)  -> (artifact id: '1f63558081e385f5036bac82b44b6192') in 0.005532 seconds 
========================================================================
Received Prepare
Registering precompiled user dll's ...
Registered in 0.003908 seconds.
Begin MonoManager ReloadAssembly
Symbol file LoadedFromMemory doesn't match image C:\Users\sumoc\Documents\kamakura\Unity\Self Made\Sumo2\Library\PackageCache\com.unity.visualscripting@1.7.8\Editor\VisualScripting.Core\Dependencies\YamlDotNet\Unity.VisualScripting.YamlDotNet.dll
Symbol file LoadedFromMemory doesn't match image C:\Users\sumoc\Documents\kamakura\Unity\Self Made\Sumo2\Library\PackageCache\com.unity.visualscripting@1.7.8\Editor\VisualScripting.Core\Dependencies\DotNetZip\Unity.VisualScripting.IonicZip.dll
Native extension for WindowsStandalone target not found
Native extension for iOS target not found
Native extension for WebGL target not found
Refreshing native plugins compatible for Editor in 0.54 ms, found 3 plugins.
Preloading 0 native plugins for Editor in 0.00 ms.
Mono: successfully reloaded assembly
- Completed reload, in  0.858 seconds
Domain Reload Profiling:
	ReloadAssembly (859ms)
		BeginReloadAssembly (127ms)
			ExecutionOrderSort (0ms)
			DisableScriptedObjects (4ms)
			BackupInstance (0ms)
			ReleaseScriptingObjects (0ms)
			CreateAndSetChildDomain (49ms)
		EndReloadAssembly (657ms)
			LoadAssemblies (60ms)
			RebuildTransferFunctionScriptingTraits (0ms)
			SetupTypeCache (224ms)
			ReleaseScriptCaches (1ms)
			RebuildScriptCaches (36ms)
			SetupLoadedEditorAssemblies (292ms)
				LogAssemblyErrors (0ms)
				InitializePlatformSupportModulesInManaged (25ms)
				SetLoadedEditorAssemblies (1ms)
				RefreshPlugins (1ms)
				BeforeProcessingInitializeOnLoad (61ms)
				ProcessInitializeOnLoadAttributes (176ms)
				ProcessInitializeOnLoadMethodAttributes (24ms)
				AfterProcessingInitializeOnLoad (5ms)
				EditorAssembliesLoaded (0ms)
			ExecutionOrderSort2 (0ms)
			AwakeInstancesAfterBackupRestoration (5ms)
Platform modules already initialized, skipping
Refreshing native plugins compatible for Editor in 1.60 ms, found 3 plugins.
Preloading 0 native plugins for Editor in 0.00 ms.
Unloading 3371 Unused Serialized files (Serialized files now loaded: 0)
Unloading 20 unused Assets / (78.2 KB). Loaded Objects now: 3880.
Memory consumption went from 138.2 MB to 138.1 MB.
Total: 3.178900 ms (FindLiveObjects: 0.236600 ms CreateObjectMapping: 0.088700 ms MarkObjects: 2.761200 ms  DeleteObjects: 0.091100 ms)

AssetImportParameters requested are different than current active one (requested -> active):
  custom:video-decoder-ogg-theora: a1e56fd34408186e4bbccfd4996cb3dc -> 
  custom:container-muxer-webm: aa71ff27fc2769a1b78a27578f13a17b -> 
  custom:container-demuxer-webm: 4f35f7cbe854078d1ac9338744f61a02 -> 
  custom:video-encoder-webm-vp8: eb34c28f22e8b96e1ab97ce403110664 -> 
  custom:audio-encoder-webm-vorbis: bf7c407c2cedff20999df2af8eb42d56 -> 
  custom:framework-win-MediaFoundation: 216162199b28c13a410421893ffa2e32 -> 
  custom:container-demuxer-ogg: 62fdf1f143b41e24485cea50d1cbac27 -> 
  custom:video-decoder-webm-vp8: 9c59270c3fd7afecdb556c50c9e8de78 -> 
  custom:audio-decoder-ogg-vorbis: bf7c407c2cedff20999df2af8eb42d56 -> 
========================================================================
Received Prepare
Registering precompiled user dll's ...
Registered in 0.003176 seconds.
Begin MonoManager ReloadAssembly
Symbol file LoadedFromMemory doesn't match image C:\Users\sumoc\Documents\kamakura\Unity\Self Made\Sumo2\Library\PackageCache\com.unity.visualscripting@1.7.8\Editor\VisualScripting.Core\Dependencies\YamlDotNet\Unity.VisualScripting.YamlDotNet.dll
Symbol file LoadedFromMemory doesn't match image C:\Users\sumoc\Documents\kamakura\Unity\Self Made\Sumo2\Library\PackageCache\com.unity.visualscripting@1.7.8\Editor\VisualScripting.Core\Dependencies\DotNetZip\Unity.VisualScripting.IonicZip.dll
Native extension for WindowsStandalone target not found
Native extension for iOS target not found
Native extension for WebGL target not found
Refreshing native plugins compatible for Editor in 0.55 ms, found 3 plugins.
Preloading 0 native plugins for Editor in 0.00 ms.
Mono: successfully reloaded assembly
- Completed reload, in  0.816 seconds
Domain Reload Profiling:
	ReloadAssembly (817ms)
		BeginReloadAssembly (106ms)
			ExecutionOrderSort (0ms)
			DisableScriptedObjects (5ms)
			BackupInstance (0ms)
			ReleaseScriptingObjects (0ms)
			CreateAndSetChildDomain (33ms)
		EndReloadAssembly (640ms)
			LoadAssemblies (56ms)
			RebuildTransferFunctionScriptingTraits (0ms)
			SetupTypeCache (210ms)
			ReleaseScriptCaches (2ms)
			RebuildScriptCaches (38ms)
			SetupLoadedEditorAssemblies (288ms)
				LogAssemblyErrors (0ms)
				InitializePlatformSupportModulesInManaged (24ms)
				SetLoadedEditorAssemblies (1ms)
				RefreshPlugins (1ms)
				BeforeProcessingInitializeOnLoad (60ms)
				ProcessInitializeOnLoadAttributes (174ms)
				ProcessInitializeOnLoadMethodAttributes (24ms)
				AfterProcessingInitializeOnLoad (5ms)
				EditorAssembliesLoaded (0ms)
			ExecutionOrderSort2 (0ms)
			AwakeInstancesAfterBackupRestoration (5ms)
Platform modules already initialized, skipping
Refreshing native plugins compatible for Editor in 1.37 ms, found 3 plugins.
Preloading 0 native plugins for Editor in 0.00 ms.
Unloading 3371 Unused Serialized files (Serialized files now loaded: 0)
Unloading 20 unused Assets / (78.1 KB). Loaded Objects now: 3883.
Memory consumption went from 138.2 MB to 138.1 MB.
Total: 2.505200 ms (FindLiveObjects: 0.215100 ms CreateObjectMapping: 0.091400 ms MarkObjects: 2.132600 ms  DeleteObjects: 0.064900 ms)

AssetImportParameters requested are different than current active one (requested -> active):
  custom:video-decoder-ogg-theora: a1e56fd34408186e4bbccfd4996cb3dc -> 
  custom:container-muxer-webm: aa71ff27fc2769a1b78a27578f13a17b -> 
  custom:container-demuxer-webm: 4f35f7cbe854078d1ac9338744f61a02 -> 
  custom:video-encoder-webm-vp8: eb34c28f22e8b96e1ab97ce403110664 -> 
  custom:audio-encoder-webm-vorbis: bf7c407c2cedff20999df2af8eb42d56 -> 
  custom:framework-win-MediaFoundation: 216162199b28c13a410421893ffa2e32 -> 
  custom:container-demuxer-ogg: 62fdf1f143b41e24485cea50d1cbac27 -> 
  custom:video-decoder-webm-vp8: 9c59270c3fd7afecdb556c50c9e8de78 -> 
  custom:audio-decoder-ogg-vorbis: bf7c407c2cedff20999df2af8eb42d56 -> 
========================================================================
Received Prepare
Registering precompiled user dll's ...
Registered in 0.004854 seconds.
Begin MonoManager ReloadAssembly
Symbol file LoadedFromMemory doesn't match image C:\Users\sumoc\Documents\kamakura\Unity\Self Made\Sumo2\Library\PackageCache\com.unity.visualscripting@1.7.8\Editor\VisualScripting.Core\Dependencies\YamlDotNet\Unity.VisualScripting.YamlDotNet.dll
Symbol file LoadedFromMemory doesn't match image C:\Users\sumoc\Documents\kamakura\Unity\Self Made\Sumo2\Library\PackageCache\com.unity.visualscripting@1.7.8\Editor\VisualScripting.Core\Dependencies\DotNetZip\Unity.VisualScripting.IonicZip.dll
Native extension for WindowsStandalone target not found
Native extension for iOS target not found
Native extension for WebGL target not found
Refreshing native plugins compatible for Editor in 0.48 ms, found 3 plugins.
Preloading 0 native plugins for Editor in 0.00 ms.
Mono: successfully reloaded assembly
- Completed reload, in  0.831 seconds
Domain Reload Profiling:
	ReloadAssembly (832ms)
		BeginReloadAssembly (114ms)
			ExecutionOrderSort (0ms)
			DisableScriptedObjects (4ms)
			BackupInstance (0ms)
			ReleaseScriptingObjects (0ms)
			CreateAndSetChildDomain (32ms)
		EndReloadAssembly (646ms)
			LoadAssemblies (57ms)
			RebuildTransferFunctionScriptingTraits (0ms)
			SetupTypeCache (216ms)
			ReleaseScriptCaches (2ms)
			RebuildScriptCaches (38ms)
			SetupLoadedEditorAssemblies (293ms)
				LogAssemblyErrors (0ms)
				InitializePlatformSupportModulesInManaged (27ms)
				SetLoadedEditorAssemblies (0ms)
				RefreshPlugins (1ms)
				BeforeProcessingInitializeOnLoad (61ms)
				ProcessInitializeOnLoadAttributes (175ms)
				ProcessInitializeOnLoadMethodAttributes (25ms)
				AfterProcessingInitializeOnLoad (5ms)
				EditorAssembliesLoaded (0ms)
			ExecutionOrderSort2 (0ms)
			AwakeInstancesAfterBackupRestoration (5ms)
Platform modules already initialized, skipping
Refreshing native plugins compatible for Editor in 1.54 ms, found 3 plugins.
Preloading 0 native plugins for Editor in 0.00 ms.
Unloading 3371 Unused Serialized files (Serialized files now loaded: 0)
Unloading 20 unused Assets / (78.3 KB). Loaded Objects now: 3886.
Memory consumption went from 138.2 MB to 138.1 MB.
Total: 2.456200 ms (FindLiveObjects: 0.226700 ms CreateObjectMapping: 0.085700 ms MarkObjects: 2.059800 ms  DeleteObjects: 0.083400 ms)

AssetImportParameters requested are different than current active one (requested -> active):
  custom:video-decoder-ogg-theora: a1e56fd34408186e4bbccfd4996cb3dc -> 
  custom:container-muxer-webm: aa71ff27fc2769a1b78a27578f13a17b -> 
  custom:container-demuxer-webm: 4f35f7cbe854078d1ac9338744f61a02 -> 
  custom:video-encoder-webm-vp8: eb34c28f22e8b96e1ab97ce403110664 -> 
  custom:audio-encoder-webm-vorbis: bf7c407c2cedff20999df2af8eb42d56 -> 
  custom:framework-win-MediaFoundation: 216162199b28c13a410421893ffa2e32 -> 
  custom:container-demuxer-ogg: 62fdf1f143b41e24485cea50d1cbac27 -> 
  custom:video-decoder-webm-vp8: 9c59270c3fd7afecdb556c50c9e8de78 -> 
  custom:audio-decoder-ogg-vorbis: bf7c407c2cedff20999df2af8eb42d56 -> 
========================================================================
Received Prepare
Registering precompiled user dll's ...
Registered in 0.004452 seconds.
Begin MonoManager ReloadAssembly
Symbol file LoadedFromMemory doesn't match image C:\Users\sumoc\Documents\kamakura\Unity\Self Made\Sumo2\Library\PackageCache\com.unity.visualscripting@1.7.8\Editor\VisualScripting.Core\Dependencies\YamlDotNet\Unity.VisualScripting.YamlDotNet.dll
Symbol file LoadedFromMemory doesn't match image C:\Users\sumoc\Documents\kamakura\Unity\Self Made\Sumo2\Library\PackageCache\com.unity.visualscripting@1.7.8\Editor\VisualScripting.Core\Dependencies\DotNetZip\Unity.VisualScripting.IonicZip.dll
Native extension for WindowsStandalone target not found
Native extension for iOS target not found
Native extension for WebGL target not found
Refreshing native plugins compatible for Editor in 0.58 ms, found 3 plugins.
Preloading 0 native plugins for Editor in 0.00 ms.
Mono: successfully reloaded assembly
- Completed reload, in  0.846 seconds
Domain Reload Profiling:
	ReloadAssembly (847ms)
		BeginReloadAssembly (105ms)
			ExecutionOrderSort (0ms)
			DisableScriptedObjects (4ms)
			BackupInstance (0ms)
			ReleaseScriptingObjects (0ms)
			CreateAndSetChildDomain (31ms)
		EndReloadAssembly (651ms)
			LoadAssemblies (59ms)
			RebuildTransferFunctionScriptingTraits (0ms)
			SetupTypeCache (211ms)
			ReleaseScriptCaches (2ms)
			RebuildScriptCaches (41ms)
			SetupLoadedEditorAssemblies (296ms)
				LogAssemblyErrors (0ms)
				InitializePlatformSupportModulesInManaged (24ms)
				SetLoadedEditorAssemblies (1ms)
				RefreshPlugins (1ms)
				BeforeProcessingInitializeOnLoad (58ms)
				ProcessInitializeOnLoadAttributes (183ms)
				ProcessInitializeOnLoadMethodAttributes (25ms)
				AfterProcessingInitializeOnLoad (5ms)
				EditorAssembliesLoaded (0ms)
			ExecutionOrderSort2 (0ms)
			AwakeInstancesAfterBackupRestoration (5ms)
Platform modules already initialized, skipping
Refreshing native plugins compatible for Editor in 1.58 ms, found 3 plugins.
Preloading 0 native plugins for Editor in 0.00 ms.
Unloading 3371 Unused Serialized files (Serialized files now loaded: 0)
Unloading 20 unused Assets / (78.2 KB). Loaded Objects now: 3889.
Memory consumption went from 138.2 MB to 138.1 MB.
Total: 2.401900 ms (FindLiveObjects: 0.220600 ms CreateObjectMapping: 0.084700 ms MarkObjects: 2.025400 ms  DeleteObjects: 0.070100 ms)

AssetImportParameters requested are different than current active one (requested -> active):
  custom:video-decoder-ogg-theora: a1e56fd34408186e4bbccfd4996cb3dc -> 
  custom:container-muxer-webm: aa71ff27fc2769a1b78a27578f13a17b -> 
  custom:container-demuxer-webm: 4f35f7cbe854078d1ac9338744f61a02 -> 
  custom:video-encoder-webm-vp8: eb34c28f22e8b96e1ab97ce403110664 -> 
  custom:audio-encoder-webm-vorbis: bf7c407c2cedff20999df2af8eb42d56 -> 
  custom:framework-win-MediaFoundation: 216162199b28c13a410421893ffa2e32 -> 
  custom:container-demuxer-ogg: 62fdf1f143b41e24485cea50d1cbac27 -> 
  custom:video-decoder-webm-vp8: 9c59270c3fd7afecdb556c50c9e8de78 -> 
  custom:audio-decoder-ogg-vorbis: bf7c407c2cedff20999df2af8eb42d56 -> 
